#
# There is insufficient memory for the Java Runtime Environment to continue.
# Native memory allocation (malloc) failed to allocate 998096 bytes for Chunk::new
# Possible reasons:
#   The system is out of physical RAM or swap space
#   In 32 bit mode, the process size limit was hit
# Possible solutions:
#   Reduce memory load on the system
#   Increase physical memory or swap space
#   Check if swap backing store is full
#   Use 64 bit Java on a 64 bit OS
#   Decrease Java heap size (-Xmx/-Xms)
#   Decrease number of Java threads
#   Decrease Java thread stack sizes (-Xss)
#   Set larger code cache with -XX:ReservedCodeCacheSize=
# This output file may be truncated or incomplete.
#
#  Out of Memory Error (allocation.cpp:390), pid=2696, tid=0x0000000000000de0
#
# JRE version: Java(TM) SE Runtime Environment (8.0_101-b13) (build 1.8.0_101-b13)
# Java VM: Java HotSpot(TM) 64-Bit Server VM (25.101-b13 mixed mode windows-amd64 compressed oops)
# Failed to write core dump. Minidumps are not enabled by default on client versions of Windows
#

---------------  T H R E A D  ---------------

Current thread (0x00000000161a0000):  JavaThread "C2 CompilerThread1" daemon [_thread_in_native, id=3552, stack(0x0000000017900000,0x0000000017a00000)]

Stack: [0x0000000017900000,0x0000000017a00000]
[error occurred during error reporting (printing stack bounds), id 0xc0000005]

Native frames: (J=compiled Java code, j=interpreted, Vv=VM code, C=native code)


Current CompileTask:
C2:13390691 24646 %     4       com.android.dx.ssa.SCCP::run @ 13 (298 bytes)


---------------  P R O C E S S  ---------------

Java Threads: ( => current thread )
  0x000000001d398000 JavaThread "pool-235-thread-1" [_thread_blocked, id=4408, stack(0x0000000048170000,0x0000000048270000)]
  0x000000001915b000 JavaThread "pool-233-thread-4" [_thread_blocked, id=11332, stack(0x0000000047b70000,0x0000000047c70000)]
  0x000000001915a800 JavaThread "pool-233-thread-3" [_thread_blocked, id=10540, stack(0x0000000047a70000,0x0000000047b70000)]
  0x0000000019161000 JavaThread "pool-233-thread-2" [_thread_blocked, id=9248, stack(0x0000000047970000,0x0000000047a70000)]
  0x000000001915d800 JavaThread "pool-234-thread-1" [_thread_blocked, id=6692, stack(0x0000000047870000,0x0000000047970000)]
  0x000000001915e000 JavaThread "pool-233-thread-1" [_thread_blocked, id=9592, stack(0x0000000047770000,0x0000000047870000)]
  0x0000000019160800 JavaThread "pool-220-thread-4" [_thread_blocked, id=4764, stack(0x0000000046c70000,0x0000000046d70000)]
  0x000000001915f800 JavaThread "pool-220-thread-3" [_thread_blocked, id=4864, stack(0x0000000046b70000,0x0000000046c70000)]
  0x000000001915c000 JavaThread "pool-220-thread-2" [_thread_blocked, id=6496, stack(0x0000000046a70000,0x0000000046b70000)]
  0x0000000019152000 JavaThread "pool-220-thread-1" [_thread_blocked, id=5520, stack(0x0000000046970000,0x0000000046a70000)]
  0x0000000019159800 JavaThread "Cache update executor" [_thread_blocked, id=11628, stack(0x0000000046170000,0x0000000046270000)]
  0x0000000019153800 JavaThread "Asynchronous log dispatcher for DefaultDaemonConnection: socket connection from /127.0.0.1:59632 to /127.0.0.1:52750" [_thread_blocked, id=11640, stack(0x0000000045f70000,0x0000000046070000)]
  0x0000000019158000 JavaThread "Daemon worker Thread 29" [_thread_blocked, id=9352, stack(0x0000000045e70000,0x0000000045f70000)]
  0x0000000019158800 JavaThread "Cancel handler" [_thread_blocked, id=8516, stack(0x0000000045d70000,0x0000000045e70000)]
  0x0000000019157000 JavaThread "Handler for socket connection from /127.0.0.1:59632 to /127.0.0.1:52750" [_thread_in_native, id=11524, stack(0x0000000045c70000,0x0000000045d70000)]
  0x0000000019155800 JavaThread "Daemon Thread 29" [_thread_blocked, id=11832, stack(0x0000000045b70000,0x0000000045c70000)]
  0x000000001d3a1800 JavaThread "pool-9-thread-4" [_thread_blocked, id=10144, stack(0x0000000023f70000,0x0000000024070000)]
  0x000000001d399000 JavaThread "pool-9-thread-3" [_thread_blocked, id=5400, stack(0x0000000023470000,0x0000000023570000)]
  0x000000001d39a800 JavaThread "pool-9-thread-2" [_thread_blocked, id=9752, stack(0x0000000022970000,0x0000000022a70000)]
  0x000000001d397800 JavaThread "pool-9-thread-1" [_thread_blocked, id=4628, stack(0x0000000022870000,0x0000000022970000)]
  0x00000000191c6800 JavaThread "File lock request listener" [_thread_in_native, id=6424, stack(0x000000001e550000,0x000000001e650000)]
  0x0000000018593000 JavaThread "Incoming local TCP Connector on port 59632" [_thread_in_native, id=8272, stack(0x0000000019f10000,0x000000001a010000)]
  0x0000000018233000 JavaThread "pool-1-thread-1" [_thread_blocked, id=2128, stack(0x0000000019c10000,0x0000000019d10000)]
  0x00000000161fe000 JavaThread "Service Thread" daemon [_thread_blocked, id=9340, stack(0x0000000017f00000,0x0000000018000000)]
  0x00000000161a8000 JavaThread "C1 CompilerThread2" daemon [_thread_blocked, id=8316, stack(0x0000000017a00000,0x0000000017b00000)]
=>0x00000000161a0000 JavaThread "C2 CompilerThread1" daemon [_thread_in_native, id=3552, stack(0x0000000017900000,0x0000000017a00000)]
  0x000000001619d800 JavaThread "C2 CompilerThread0" daemon [_thread_blocked, id=6784, stack(0x0000000017800000,0x0000000017900000)]
  0x000000001619b800 JavaThread "Attach Listener" daemon [_thread_blocked, id=7664, stack(0x0000000017700000,0x0000000017800000)]
  0x00000000161a6800 JavaThread "Signal Dispatcher" daemon [_thread_blocked, id=11336, stack(0x0000000017600000,0x0000000017700000)]
  0x000000001618a000 JavaThread "Finalizer" daemon [_thread_blocked, id=4220, stack(0x0000000017410000,0x0000000017510000)]
  0x0000000002820000 JavaThread "Reference Handler" daemon [_thread_blocked, id=11792, stack(0x0000000017310000,0x0000000017410000)]
  0x000000000262e000 JavaThread "main" [_thread_blocked, id=9056, stack(0x0000000002630000,0x0000000002730000)]

Other Threads:
  0x0000000016167800 VMThread [stack: 0x0000000017210000,0x0000000017310000] [id=10532]
  0x0000000017b5e800 WatcherThread [stack: 0x0000000018000000,0x0000000018100000] [id=11112]

VM state:at safepoint (normal execution)

VM Mutex/Monitor currently owned by a thread:  ([mutex/lock_event])
[0x000000000262cc20] Safepoint_lock - owner thread: 0x0000000016167800
[0x000000000262c7a0] Threads_lock - owner thread: 0x0000000016167800

Heap:
 PSYoungGen      total 375296K, used 53243K [0x00000000e0000000, 0x00000000f9a80000, 0x0000000100000000)
  eden space 365568K, 11% used [0x00000000e0000000,0x00000000e2aae470,0x00000000f6500000)
  from space 9728K, 98% used [0x00000000f7700000,0x00000000f8050af0,0x00000000f8080000)
  to   space 23552K, 0% used [0x00000000f8380000,0x00000000f8380000,0x00000000f9a80000)
 ParOldGen       total 92160K, used 64450K [0x00000000a0000000, 0x00000000a5a00000, 0x00000000e0000000)
  object space 92160K, 69% used [0x00000000a0000000,0x00000000a3ef09b0,0x00000000a5a00000)
 Metaspace       used 75356K, capacity 82052K, committed 82264K, reserved 1122304K
  class space    used 9548K, capacity 10235K, committed 10328K, reserved 1048576K

Card table byte_map: [0x0000000011bf0000,0x0000000011f00000] byte_map_base: 0x00000000116f0000

Marking Bits: (ParMarkBitMap*) 0x00000000721da6d0
 Begin Bits: [0x0000000012500000, 0x0000000013d00000)
 End Bits:   [0x0000000013d00000, 0x0000000015500000)

Polling page: 0x0000000000fd0000

CodeCache: size=245760Kb used=68961Kb max_used=69117Kb free=176798Kb
 bounds [0x0000000002830000, 0x0000000006c30000, 0x0000000011830000]
 total_blobs=19276 nmethods=18477 adapters=709
 compilation: enabled

Compilation events (10 events):
Event: 13386.329 Thread 0x00000000161a8000 24684       2       com.android.dx.rop.code.CstInsn::contentEquals (31 bytes)
Event: 13386.330 Thread 0x00000000161a8000 nmethod 24684 0x0000000003fd4bd0 code [0x0000000003fd4d40, 0x0000000003fd4f58]
Event: 13386.339 Thread 0x00000000161a8000 24685       2       com.android.dx.rop.code.SwitchInsn::withNewRegisters (22 bytes)
Event: 13386.340 Thread 0x00000000161a8000 nmethod 24685 0x0000000003fd4790 code [0x0000000003fd4900, 0x0000000003fd4ae8]
Event: 13386.340 Thread 0x00000000161a8000 24686       2       com.android.dx.rop.code.SwitchInsn::accept (8 bytes)
Event: 13386.340 Thread 0x00000000161a8000 nmethod 24686 0x0000000003fd4410 code [0x0000000003fd4580, 0x0000000003fd4708]
Event: 13386.352 Thread 0x00000000161a8000 24687       2       com.android.dx.rop.cst.CstLong::getType (4 bytes)
Event: 13386.352 Thread 0x00000000161a8000 nmethod 24687 0x00000000051c6f10 code [0x00000000051c7060, 0x00000000051c71b0]
Event: 13386.355 Thread 0x00000000161a8000 24689       2       com.android.dx.ssa.back.FirstFitLocalCombiningAllocator::isEven (12 bytes)
Event: 13386.356 Thread 0x00000000161a8000 nmethod 24689 0x00000000051c6bd0 code [0x00000000051c6d20, 0x00000000051c6e70]

GC Heap History (10 events):
Event: 6545.668 GC heap before
{Heap before GC invocations=69 (full 4):
 PSYoungGen      total 394752K, used 387592K [0x00000000e0000000, 0x00000000fa800000, 0x0000000100000000)
  eden space 379904K, 100% used [0x00000000e0000000,0x00000000f7300000,0x00000000f7300000)
  from space 14848K, 51% used [0x00000000f9980000,0x00000000fa1022e8,0x00000000fa800000)
  to   space 27136K, 0% used [0x00000000f7300000,0x00000000f7300000,0x00000000f8d80000)
 ParOldGen       total 92160K, used 64050K [0x00000000a0000000, 0x00000000a5a00000, 0x00000000e0000000)
  object space 92160K, 69% used [0x00000000a0000000,0x00000000a3e8c9b0,0x00000000a5a00000)
 Metaspace       used 73401K, capacity 79784K, committed 79960K, reserved 1120256K
  class space    used 9324K, capacity 10019K, committed 10072K, reserved 1048576K
Event: 6546.782 GC heap after
Heap after GC invocations=69 (full 4):
 PSYoungGen      total 407040K, used 15083K [0x00000000e0000000, 0x00000000fcb00000, 0x0000000100000000)
  eden space 379904K, 0% used [0x00000000e0000000,0x00000000e0000000,0x00000000f7300000)
  from space 27136K, 55% used [0x00000000f7300000,0x00000000f81bac40,0x00000000f8d80000)
  to   space 26624K, 0% used [0x00000000fb100000,0x00000000fb100000,0x00000000fcb00000)
 ParOldGen       total 92160K, used 64058K [0x00000000a0000000, 0x00000000a5a00000, 0x00000000e0000000)
  object space 92160K, 69% used [0x00000000a0000000,0x00000000a3e8e9b0,0x00000000a5a00000)
 Metaspace       used 73401K, capacity 79784K, committed 79960K, reserved 1120256K
  class space    used 9324K, capacity 10019K, committed 10072K, reserved 1048576K
}
Event: 6658.373 GC heap before
{Heap before GC invocations=70 (full 4):
 PSYoungGen      total 407040K, used 394987K [0x00000000e0000000, 0x00000000fcb00000, 0x0000000100000000)
  eden space 379904K, 100% used [0x00000000e0000000,0x00000000f7300000,0x00000000f7300000)
  from space 27136K, 55% used [0x00000000f7300000,0x00000000f81bac40,0x00000000f8d80000)
  to   space 26624K, 0% used [0x00000000fb100000,0x00000000fb100000,0x00000000fcb00000)
 ParOldGen       total 92160K, used 64058K [0x00000000a0000000, 0x00000000a5a00000, 0x00000000e0000000)
  object space 92160K, 69% used [0x00000000a0000000,0x00000000a3e8e9b0,0x00000000a5a00000)
 Metaspace       used 73453K, capacity 79872K, committed 79960K, reserved 1120256K
  class space    used 9332K, capacity 10027K, committed 10072K, reserved 1048576K
Event: 6658.449 GC heap after
Heap after GC invocations=70 (full 4):
 PSYoungGen      total 374272K, used 11771K [0x00000000e0000000, 0x00000000fbc80000, 0x0000000100000000)
  eden space 362496K, 0% used [0x00000000e0000000,0x00000000e0000000,0x00000000f6200000)
  from space 11776K, 99% used [0x00000000fb100000,0x00000000fbc7ee78,0x00000000fbc80000)
  to   space 25600K, 0% used [0x00000000f8a80000,0x00000000f8a80000,0x00000000fa380000)
 ParOldGen       total 92160K, used 64426K [0x00000000a0000000, 0x00000000a5a00000, 0x00000000e0000000)
  object space 92160K, 69% used [0x00000000a0000000,0x00000000a3eea9b0,0x00000000a5a00000)
 Metaspace       used 73453K, capacity 79872K, committed 79960K, reserved 1120256K
  class space    used 9332K, capacity 10027K, committed 10072K, reserved 1048576K
}
Event: 6730.536 GC heap before
{Heap before GC invocations=71 (full 4):
 PSYoungGen      total 374272K, used 373062K [0x00000000e0000000, 0x00000000fbc80000, 0x0000000100000000)
  eden space 362496K, 99% used [0x00000000e0000000,0x00000000f60d2b98,0x00000000f6200000)
  from space 11776K, 99% used [0x00000000fb100000,0x00000000fbc7ee78,0x00000000fbc80000)
  to   space 25600K, 0% used [0x00000000f8a80000,0x00000000f8a80000,0x00000000fa380000)
 ParOldGen       total 92160K, used 64426K [0x00000000a0000000, 0x00000000a5a00000, 0x00000000e0000000)
  object space 92160K, 69% used [0x00000000a0000000,0x00000000a3eea9b0,0x00000000a5a00000)
 Metaspace       used 73530K, capacity 80024K, committed 80216K, reserved 1120256K
  class space    used 9340K, capacity 10035K, committed 10072K, reserved 1048576K
Event: 6731.159 GC heap after
Heap after GC invocations=71 (full 4):
 PSYoungGen      total 361984K, used 15608K [0x00000000e0000000, 0x00000000fb180000, 0x0000000100000000)
  eden space 346112K, 0% used [0x00000000e0000000,0x00000000e0000000,0x00000000f5200000)
  from space 15872K, 98% used [0x00000000f8a80000,0x00000000f99be0c0,0x00000000f9a00000)
  to   space 24064K, 0% used [0x00000000f9a00000,0x00000000f9a00000,0x00000000fb180000)
 ParOldGen       total 92160K, used 64434K [0x00000000a0000000, 0x00000000a5a00000, 0x00000000e0000000)
  object space 92160K, 69% used [0x00000000a0000000,0x00000000a3eec9b0,0x00000000a5a00000)
 Metaspace       used 73530K, capacity 80024K, committed 80216K, reserved 1120256K
  class space    used 9340K, capacity 10035K, committed 10072K, reserved 1048576K
}
Event: 13337.298 GC heap before
{Heap before GC invocations=72 (full 4):
 PSYoungGen      total 361984K, used 361720K [0x00000000e0000000, 0x00000000fb180000, 0x0000000100000000)
  eden space 346112K, 100% used [0x00000000e0000000,0x00000000f5200000,0x00000000f5200000)
  from space 15872K, 98% used [0x00000000f8a80000,0x00000000f99be0c0,0x00000000f9a00000)
  to   space 24064K, 0% used [0x00000000f9a00000,0x00000000f9a00000,0x00000000fb180000)
 ParOldGen       total 92160K, used 64434K [0x00000000a0000000, 0x00000000a5a00000, 0x00000000e0000000)
  object space 92160K, 69% used [0x00000000a0000000,0x00000000a3eec9b0,0x00000000a5a00000)
 Metaspace       used 74320K, capacity 80946K, committed 81112K, reserved 1120256K
  class space    used 9464K, capacity 10156K, committed 10200K, reserved 1048576K
Event: 13340.755 GC heap after
Heap after GC invocations=72 (full 4):
 PSYoungGen      total 344064K, used 13038K [0x00000000e0000000, 0x00000000fa700000, 0x0000000100000000)
  eden space 330752K, 0% used [0x00000000e0000000,0x00000000e0000000,0x00000000f4300000)
  from space 13312K, 97% used [0x00000000f9a00000,0x00000000fa6bba40,0x00000000fa700000)
  to   space 24576K, 0% used [0x00000000f7700000,0x00000000f7700000,0x00000000f8f00000)
 ParOldGen       total 92160K, used 64442K [0x00000000a0000000, 0x00000000a5a00000, 0x00000000e0000000)
  object space 92160K, 69% used [0x00000000a0000000,0x00000000a3eee9b0,0x00000000a5a00000)
 Metaspace       used 74320K, capacity 80946K, committed 81112K, reserved 1120256K
  class space    used 9464K, capacity 10156K, committed 10200K, reserved 1048576K
}
Event: 13384.635 GC heap before
{Heap before GC invocations=73 (full 4):
 PSYoungGen      total 344064K, used 343790K [0x00000000e0000000, 0x00000000fa700000, 0x0000000100000000)
  eden space 330752K, 100% used [0x00000000e0000000,0x00000000f4300000,0x00000000f4300000)
  from space 13312K, 97% used [0x00000000f9a00000,0x00000000fa6bba40,0x00000000fa700000)
  to   space 24576K, 0% used [0x00000000f7700000,0x00000000f7700000,0x00000000f8f00000)
 ParOldGen       total 92160K, used 64442K [0x00000000a0000000, 0x00000000a5a00000, 0x00000000e0000000)
  object space 92160K, 69% used [0x00000000a0000000,0x00000000a3eee9b0,0x00000000a5a00000)
 Metaspace       used 75349K, capacity 82052K, committed 82264K, reserved 1122304K
  class space    used 9548K, capacity 10235K, committed 10328K, reserved 1048576K
Event: 13386.054 GC heap after
Heap after GC invocations=73 (full 4):
 PSYoungGen      total 375296K, used 9538K [0x00000000e0000000, 0x00000000f9a80000, 0x0000000100000000)
  eden space 365568K, 0% used [0x00000000e0000000,0x00000000e0000000,0x00000000f6500000)
  from space 9728K, 98% used [0x00000000f7700000,0x00000000f8050af0,0x00000000f8080000)
  to   space 23552K, 0% used [0x00000000f8380000,0x00000000f8380000,0x00000000f9a80000)
 ParOldGen       total 92160K, used 64450K [0x00000000a0000000, 0x00000000a5a00000, 0x00000000e0000000)
  object space 92160K, 69% used [0x00000000a0000000,0x00000000a3ef09b0,0x00000000a5a00000)
 Metaspace       used 75349K, capacity 82052K, committed 82264K, reserved 1122304K
  class space    used 9548K, capacity 10235K, committed 10328K, reserved 1048576K
}

Deoptimization events (10 events):
Event: 13384.273 Thread 0x000000001915c800 Uncommon trap: reason=unstable_if action=reinterpret pc=0x00000000055ab890 method=com.android.dx.rop.code.LocalVariableInfo.mergeStarts(ILcom/android/dx/rop/code/RegisterSpecSet;)Z @ 31
Event: 13384.281 Thread 0x0000000019161000 Uncommon trap: reason=unstable_if action=reinterpret pc=0x000000000602ae18 method=java.util.concurrent.ThreadPoolExecutor.getTask()Ljava/lang/Runnable; @ 34
Event: 13384.282 Thread 0x000000001915c800 Uncommon trap: reason=class_check action=maybe_recompile pc=0x00000000069eba74 method=com.android.dx.dex.file.ClassDataItem.makeStaticValuesConstant()Lcom/android/dx/rop/cst/CstArray; @ 53
Event: 13384.328 Thread 0x000000001915c800 Uncommon trap: reason=unstable_if action=reinterpret pc=0x000000000691f154 method=com.android.dx.dex.code.OutputFinisher.findOpcodeForInsn(Lcom/android/dx/dex/code/DalvInsn;Lcom/android/dx/dex/code/Dop;)Lcom/android/dx/dex/code/Dop; @ 22
Event: 13384.345 Thread 0x000000001915c800 Uncommon trap: reason=unstable_if action=reinterpret pc=0x00000000048dc898 method=com.android.dx.dex.code.OutputFinisher.findOpcodeForInsn(Lcom/android/dx/dex/code/DalvInsn;Lcom/android/dx/dex/code/Dop;)Lcom/android/dx/dex/code/Dop; @ 22
Event: 13384.370 Thread 0x000000001915c800 Uncommon trap: reason=unstable_if action=reinterpret pc=0x000000000529da3c method=com.android.dx.dex.file.ValueEncoder.constantToValueType(Lcom/android/dx/rop/cst/Constant;)I @ 40
Event: 13384.379 Thread 0x000000001d399000 Uncommon trap: reason=unstable_if action=reinterpret pc=0x00000000056ad4e4 method=com.android.dx.cf.cst.ConstantPoolParser.parse()V @ 113
Event: 13384.422 Thread 0x000000001915a800 Uncommon trap: reason=class_check action=maybe_recompile pc=0x00000000068953b8 method=com.android.dx.cf.code.ExecutionStack.peekType(I)Lcom/android/dx/rop/type/Type; @ 5
Event: 13384.422 Thread 0x000000001915a800 Uncommon trap: reason=class_check action=maybe_recompile pc=0x00000000068953b8 method=com.android.dx.cf.code.ExecutionStack.peekType(I)Lcom/android/dx/rop/type/Type; @ 5
Event: 13386.464 Thread 0x000000001915e000 Uncommon trap: reason=predicate action=maybe_recompile pc=0x000000000687f3d0 method=com.android.dx.ssa.DomFront.run()[Lcom/android/dx/ssa/DomFront$DomInfo; @ 32

Internal exceptions (10 events):
Event: 13323.330 Thread 0x0000000019158000 Exception <a 'java/lang/ClassNotFoundException': com/android/build/gradle/tasks/fd/GenerateInstantRunAppInfoTask_DecoratedCustomizer> (0x00000000f2923950) thrown at [C:\re\workspace\8-2-build-windows-amd64-cygwin\jdk8u101\7261\hotspot\src\share\vm\classfilç6'·Ê@
Event: 13327.431 Thread 0x0000000019158000 Implicit null exception at 0x0000000004238f1e to 0x000000000423942d
Event: 13328.933 Thread 0x0000000019158000 Implicit null exception at 0x0000000006a40330 to 0x0000000006a40729
Event: 13346.774 Thread 0x0000000019158000 Implicit null exception at 0x0000000003b82dd8 to 0x0000000003b831ed
Event: 13367.431 Thread 0x0000000019158000 Exception <a 'java/io/FileNotFoundException'> (0x00000000e1ed7e00) thrown at [C:\re\workspace\8-2-build-windows-amd64-cygwin\jdk8u101\7261\hotspot\src\share\vm\prims\jni.cpp, line 709]
Event: 13367.492 Thread 0x0000000019158000 Implicit null exception at 0x00000000066f7c8c to 0x00000000066f80b9
Event: 13383.857 Thread 0x000000001915b000 Implicit null exception at 0x00000000055c63c8 to 0x00000000055cbc1d
Event: 13384.081 Thread 0x0000000019160800 Exception <a 'sun/nio/fs/WindowsException'> (0x00000000f2f168b8) thrown at [C:\re\workspace\8-2-build-windows-amd64-cygwin\jdk8u101\7261\hotspot\src\share\vm\prims\jni.cpp, line 709]
Event: 13386.164 Thread 0x000000001915c000 Exception <a 'sun/nio/fs/WindowsException'> (0x00000000e01d7238) thrown at [C:\re\workspace\8-2-build-windows-amd64-cygwin\jdk8u101\7261\hotspot\src\share\vm\prims\jni.cpp, line 709]
Event: 13386.469 Thread 0x000000001915f800 Exception <a 'sun/nio/fs/WindowsException'> (0x00000000e0259da0) thrown at [C:\re\workspace\8-2-build-windows-amd64-cygwin\jdk8u101\7261\hotspot\src\share\vm\prims\jni.cpp, line 709]

Events (10 events):
Event: 13386.394 Executing VM operation: RevokeBias
Event: 13386.435 Executing VM operation: RevokeBias done
Event: 13386.450 Thread 0x000000001d398000 Thread added: 0x000000001d398000
Event: 13386.463 Thread 0x000000001915e000 Uncommon trap: trap_request=0xffffff86 fr.pc=0x000000000687f3d0
Event: 13386.464 Thread 0x000000001915e000 DEOPT PACKING pc=0x000000000687f3d0 sp=0x000000004786e820
Event: 13386.464 Thread 0x000000001915e000 DEOPT UNPACKING pc=0x000000000287582a sp=0x000000004786e7a0 mode 2
Event: 13386.464 loading class com/android/dx/util/ListIntSet
Event: 13386.464 loading class com/android/dx/util/ListIntSet done
Event: 13386.465 Thread 0x000000001d3a0000 Thread exited: 0x000000001d3a0000
Event: 13386.469 Executing VM operation: RevokeBias


Dynamic libraries:
0x00007ff7f6920000 - 0x00007ff7f6957000 	C:\Program Files\Java\jdk1.8.0_101\bin\java.exe
0x00007ffa1eda0000 - 0x00007ffa1ef71000 	C:\WINDOWS\SYSTEM32\ntdll.dll
0x00007ffa1d280000 - 0x00007ffa1d32b000 	C:\WINDOWS\System32\KERNEL32.DLL
0x00007ffa1b2f0000 - 0x00007ffa1b50d000 	C:\WINDOWS\System32\KERNELBASE.dll
0x00007ffa1d330000 - 0x00007ffa1d3d2000 	C:\WINDOWS\System32\ADVAPI32.dll
0x00007ffa1d520000 - 0x00007ffa1d5be000 	C:\WINDOWS\System32\msvcrt.dll
0x00007ffa1d810000 - 0x00007ffa1d869000 	C:\WINDOWS\System32\sechost.dll
0x00007ffa1d3e0000 - 0x00007ffa1d501000 	C:\WINDOWS\System32\RPCRT4.dll
0x00007ffa1c490000 - 0x00007ffa1c5f5000 	C:\WINDOWS\System32\USER32.dll
0x00007ffa1c310000 - 0x00007ffa1c32e000 	C:\WINDOWS\System32\win32u.dll
0x00007ffa1d5c0000 - 0x00007ffa1d5f4000 	C:\WINDOWS\System32\GDI32.dll
0x00007ffa1c180000 - 0x00007ffa1c302000 	C:\WINDOWS\System32\gdi32full.dll
0x00007ffa0c500000 - 0x00007ffa0c77a000 	C:\WINDOWS\WinSxS\amd64_microsoft.windows.common-controls_6595b64144ccf1df_6.0.14393.953_none_42151e83c686086b\COMCTL32.dll
0x00007ffa1c840000 - 0x00007ffa1cb08000 	C:\WINDOWS\System32\combase.dll
0x00007ffa1b670000 - 0x00007ffa1b765000 	C:\WINDOWS\System32\ucrtbase.dll
0x00007ffa1c110000 - 0x00007ffa1c17a000 	C:\WINDOWS\System32\bcryptPrimitives.dll
0x00007ffa1c800000 - 0x00007ffa1c82e000 	C:\WINDOWS\System32\IMM32.DLL
0x0000000072260000 - 0x0000000072332000 	C:\Program Files\Java\jdk1.8.0_101\jre\bin\msvcr100.dll
0x00000000719c0000 - 0x000000007225a000 	C:\Program Files\Java\jdk1.8.0_101\jre\bin\server\jvm.dll
0x00007ffa1c830000 - 0x00007ffa1c838000 	C:\WINDOWS\System32\PSAPI.DLL
0x00007ffa09920000 - 0x00007ffa09929000 	C:\WINDOWS\SYSTEM32\WSOCK32.dll
0x00007ffa19680000 - 0x00007ffa196a3000 	C:\WINDOWS\SYSTEM32\WINMM.dll
0x00007ffa1d070000 - 0x00007ffa1d0da000 	C:\WINDOWS\System32\WS2_32.dll
0x00007ffa16630000 - 0x00007ffa1663a000 	C:\WINDOWS\SYSTEM32\VERSION.dll
0x00007ffa19650000 - 0x00007ffa1967b000 	C:\WINDOWS\SYSTEM32\WINMMBASE.dll
0x00007ffa1b770000 - 0x00007ffa1b7b2000 	C:\WINDOWS\System32\cfgmgr32.dll
0x00000000719b0000 - 0x00000000719bf000 	C:\Program Files\Java\jdk1.8.0_101\jre\bin\verify.dll
0x0000000071980000 - 0x00000000719a9000 	C:\Program Files\Java\jdk1.8.0_101\jre\bin\java.dll
0x0000000071960000 - 0x0000000071976000 	C:\Program Files\Java\jdk1.8.0_101\jre\bin\zip.dll
0x00007ffa1d870000 - 0x00007ffa1ed78000 	C:\WINDOWS\System32\SHELL32.dll
0x00007ffa1ba30000 - 0x00007ffa1c10a000 	C:\WINDOWS\System32\windows.storage.dll
0x00007ffa1b240000 - 0x00007ffa1b28c000 	C:\WINDOWS\System32\powrprof.dll
0x00007ffa1d010000 - 0x00007ffa1d062000 	C:\WINDOWS\System32\shlwapi.dll
0x00007ffa1b230000 - 0x00007ffa1b23f000 	C:\WINDOWS\System32\kernel.appcore.dll
0x00007ffa1b510000 - 0x00007ffa1b5b9000 	C:\WINDOWS\System32\shcore.dll
0x00007ffa1b210000 - 0x00007ffa1b224000 	C:\WINDOWS\System32\profapi.dll
0x0000000071940000 - 0x000000007195a000 	C:\Program Files\Java\jdk1.8.0_101\jre\bin\net.dll
0x00007ffa1aad0000 - 0x00007ffa1ab2c000 	C:\WINDOWS\system32\mswsock.dll
0x0000000071920000 - 0x0000000071931000 	C:\Program Files\Java\jdk1.8.0_101\jre\bin\nio.dll
0x00007ffa146d0000 - 0x00007ffa146ee000 	C:\Users\arsen\.gradle\native\23\windows-amd64\native-platform.dll
0x00007ffa1ac70000 - 0x00007ffa1ac87000 	C:\WINDOWS\SYSTEM32\CRYPTSP.dll
0x00007ffa1a6d0000 - 0x00007ffa1a703000 	C:\WINDOWS\system32\rsaenh.dll
0x00007ffa1b140000 - 0x00007ffa1b16b000 	C:\WINDOWS\SYSTEM32\bcrypt.dll
0x00007ffa1a950000 - 0x00007ffa1a96f000 	C:\WINDOWS\SYSTEM32\USERENV.dll
0x00007ffa1b130000 - 0x00007ffa1b13b000 	C:\WINDOWS\SYSTEM32\CRYPTBASE.dll
0x00007ffa1a850000 - 0x00007ffa1a888000 	C:\WINDOWS\SYSTEM32\IPHLPAPI.DLL
0x00007ffa1d510000 - 0x00007ffa1d518000 	C:\WINDOWS\System32\NSI.dll
0x00007ffa14b10000 - 0x00007ffa14b26000 	C:\WINDOWS\SYSTEM32\dhcpcsvc6.DLL
0x00007ffa14c60000 - 0x00007ffa14c7a000 	C:\WINDOWS\SYSTEM32\dhcpcsvc.DLL
0x0000000071910000 - 0x000000007191d000 	C:\Program Files\Java\jdk1.8.0_101\jre\bin\management.dll
0x00007ffa1a5a0000 - 0x00007ffa1a5d2000 	C:\WINDOWS\SYSTEM32\ntmarta.dll
0x00000000718e0000 - 0x0000000071904000 	C:\Program Files\Java\jdk1.8.0_101\jre\bin\sunec.dll
0x00000000718d0000 - 0x00000000718db000 	C:\Program Files\Java\jdk1.8.0_101\jre\bin\sunmscapi.dll
0x00007ffa1b7c0000 - 0x00007ffa1b989000 	C:\WINDOWS\System32\CRYPT32.dll
0x00007ffa1b200000 - 0x00007ffa1b210000 	C:\WINDOWS\System32\MSASN1.dll

VM Arguments:
jvm_args: -Xmx1536m -Dfile.encoding=windows-1251 -Duser.country=RU -Duser.language=ru -Duser.variant 
java_command: org.gradle.launcher.daemon.bootstrap.GradleDaemon 3.3
java_class_path (initial): C:\Users\arsen\.gradle\wrapper\dists\gradle-3.3-all\55gk2rcmfc6p2dg9u9ohc3hw9\gradle-3.3\lib\gradle-launcher-3.3.jar
Launcher Type: SUN_STANDARD

Environment Variables:
PATH=C:\ProgramData\Oracle\Java\javapath;C:\WINDOWS\system32;C:\WINDOWS;C:\WINDOWS\System32\Wbem;C:\WINDOWS\System32\WindowsPowerShell\v1.0\;C:\Program Files\Microsoft SQL Server\120\Tools\Binn\;C:\Program Files\Microsoft SQL Server\Client SDK\ODBC\110\Tools\Binn\;C:\Program Files (x86)\Microsoft SQL Server\120\Tools\Binn\;C:\Program Files\Microsoft SQL Server\120\DTS\Binn\;C:\Program Files (x86)\Microsoft SQL Server\120\Tools\Binn\ManagementStudio\;C:\Program Files (x86)\Microsoft SQL Server\120\DTS\Binn\;C:\WINDOWS\system32\config\systemprofile\.dnx\bin;C:\Program Files\Microsoft DNX\Dnvm\;C:\Program Files (x86)\Windows Kits\10\Windows Performance Toolkit\;C:\Program Files (x86)\Skype\Phone\;C:\Program Files (x86)\GtkSharp\2.12\bin;C:\Program Files\MySQL\MySQL Server 5.5\bin;C:\Program Files\Git\cmd;C:\Tcl\bin;C:\Users\arsen\AppData\Local\atom\bin;C:\Users\arsen\AppData\Local\Microsoft\WindowsApps;;C:\ProgramData\Oracle\Java\javapath;C:\WINDOWS\system32;C:\WINDOWS;C:\WINDOWS\System32\Wbem;C:\WINDOWS\System32\WindowsPowerShell\v1.0\;C:\Program Files\Microsoft SQL Server\120\Tools\Binn\;C:\Program Files\Microsoft SQL Server\Client SDK\ODBC\110\Tools\Binn\;C:\Program Files (x86)\Microsoft SQL Server\120\Tools\Binn\;C:\Program Files\Microsoft SQL Server\120\DTS\Binn\;C:\Program Files (x86)\Microsoft SQL Server\120\Tools\Binn\ManagementStudio\;C:\Program Files (x86)\Microsoft SQL Server\120\DTS\Binn\;C:\WINDOWS\system32\config\systemprofile\.dnx\bin;C:\Program Files\Microsoft DNX\Dnvm\;C:\Program Files (x86)\Windows Kits\10\Windows Performance Toolkit\;C:\Program Files (x86)\Skype\Phone\;C:\Program Files (x86)\GtkSharp\2.12\bin;C:\Program Files\MySQL\MySQL Server 5.5\bin;C:\Program Files\Git\cmd
USERNAME=arsen
OS=Windows_NT
PROCESSOR_IDENTIFIER=AMD64 Family 22 Model 48 Stepping 1, AuthenticAMD



---------------  S Y S T E M  ---------------

OS: Windows 10.0 , 64 bit Build 14393 (10.0.14393.0)

CPU:total 4 (4 cores per cpu, 1 threads per core) family 22 model 48 stepping 1, cmov, cx8, fxsr, mmx, sse, sse2, sse3, ssse3, sse4.1, sse4.2, popcnt, avx, aes, clmul, mmxext, 3dnowpref, lzcnt, sse4a, tsc, tscinvbit, tscinv, bmi1

Memory: 4k page, physical 3599272k(224568k free), swap 6876068k(70824k free)

vm_info: Java HotSpot(TM) 64-Bit Server VM (25.101-b13) for windows-amd64 JRE (1.8.0_101-b13), built on Jun 22 2016 01:21:29 by "java_re" with MS VC++ 10.0 (VS2010)

time: Sat Apr 22 14:12:32 2017
elapsed time: 13386 seconds (0d 3h 43m 6s)

